{
  "RSpec": {
    "coverage": {
      "/Users/joshua/Makers/Bank-tech-test/spec/account_spec.rb": {
        "lines": [
          1,
          null,
          1,
          1,
          1,
          1,
          null,
          null,
          null
        ]
      },
      "/Users/joshua/Makers/Bank-tech-test/lib/account.rb": {
        "lines": [
          1,
          null,
          1,
          1,
          null,
          1,
          1,
          null,
          null,
          null,
          null,
          null,
          null
        ]
      },
      "/Users/joshua/Makers/Bank-tech-test/lib/transaction.rb": {
        "lines": [
          1,
          1,
          null,
          1,
          2,
          2,
          null,
          null
        ]
      },
      "/Users/joshua/Makers/Bank-tech-test/spec/transaction_spec.rb": {
        "lines": [
          1,
          null,
          1,
          1,
          3,
          2,
          null,
          1,
          1,
          null,
          null,
          1,
          1,
          null,
          null,
          null
        ]
      }
    },
    "timestamp": 1610478401
  }
}
